<?xml version="1.0" encoding="UTF-8"?>
<testsuites name="DDT_Orange HRM_login_002" time="1.902" tests="1" failures="0" errors="0">
   <testsuite name="DDT_Orange HRM_login_002" tests="1" failures="0" errors="0" time="1.902" skipped="0" timestamp="27-01-2024T22:02:57" hostname="Dinesh - DESKTOP-M471DVV" id="Test Suites/DDT_Orange HRM_login_testsuite/DDT_Orange HRM_login_002">
      <properties>
         <property name="deviceName" value=""/>
         <property name="devicePlatform" value=""/>
         <property name="logFolder" value="C:\\Users\\Dinesh\\git\\KatalonGit_Integration\\Reports\\20240127_220245\\DDT_Orange HRM_login_testsuite\\DDT_Orange HRM_login_002\\20240127_220245"/>
         <property name="logFiles" value="C:\\Users\\Dinesh\\git\\KatalonGit_Integration\\Reports\\20240127_220245\\DDT_Orange HRM_login_testsuite\\DDT_Orange HRM_login_002\\20240127_220245\\execution0.log"/>
         <property name="attachments" value=""/>
         <property name="hostName" value="Dinesh - DESKTOP-M471DVV"/>
         <property name="hostAddress" value="192.168.1.20"/>
         <property name="os" value="Windows 10 64bit"/>
         <property name="katalonVersion" value="9.1.0.212"/>
      </properties>
      <testcase name="Test Cases/TC_Orange HRM_login_002" time="1.055" classname="Test Cases/TC_Orange HRM_login_002" status="PASSED">
         <system-out><![CDATA[27-01-2024T22:02:58 - [TEST_CASE][PASSED] - Test Cases/TC_Orange HRM_login_002: Test Cases/TC_Orange HRM_login_002

27-01-2024T22:02:59 - [TEST_STEP][PASSED] - return null: null]]></system-out>
         <system-err><![CDATA[]]></system-err>
      </testcase>
      <system-out><![CDATA[27-01-2024T22:02:57 - [TEST_SUITE][PASSED] - DDT_Orange HRM_login_002: Test Cases/TC_Orange HRM_login_002]]></system-out>
      <system-err><![CDATA[]]></system-err>
   </testsuite>
</testsuites>
