<?xml version="1.0" encoding="UTF-8"?>
<testsuites name="DDT_Orange HRM_adduser_002" time="75.813" tests="1" failures="0" errors="0">
   <testsuite name="DDT_Orange HRM_adduser_002" tests="1" failures="0" errors="0" time="75.813" skipped="0" timestamp="27-01-2024T22:31:25" hostname="Dinesh - DESKTOP-M471DVV" id="Test Suites/DDT_Orange HRM_adduser_testsuite/DDT_Orange HRM_adduser_002">
      <properties>
         <property name="deviceName" value=""/>
         <property name="devicePlatform" value=""/>
         <property name="logFolder" value="C:\\Users\\Dinesh\\git\\KatalonGit_Integration\\Reports\\20240127_223113\\DDT_Orange HRM_adduser_testsuite\\DDT_Orange HRM_adduser_002\\20240127_223113"/>
         <property name="logFiles" value="C:\\Users\\Dinesh\\git\\KatalonGit_Integration\\Reports\\20240127_223113\\DDT_Orange HRM_adduser_testsuite\\DDT_Orange HRM_adduser_002\\20240127_223113\\execution0.log"/>
         <property name="attachments" value=""/>
         <property name="hostName" value="Dinesh - DESKTOP-M471DVV"/>
         <property name="os" value="Windows 10 64bit"/>
         <property name="katalonVersion" value="9.1.0.212"/>
         <property name="browser" value="Chrome 120.0.0.0"/>
         <property name="hostAddress" value="192.168.1.20"/>
         <property name="sessionId" value="da88171360e2413bd6941b155e5128d8"/>
         <property name="seleniumVersion" value="3.141.59"/>
         <property name="proxyInformation" value="ProxyInformation { proxyOption=NO_PROXY, proxyServerType=HTTP, username=, password=********, proxyServerAddress=, proxyServerPort=0, executionList=&quot;&quot;, isApplyToDesiredCapabilities=true }"/>
         <property name="platform" value="Windows 10"/>
      </properties>
      <testcase name="Test Cases/TC_Orange HRM_Excel_Adduser_002" time="74.851" classname="Test Cases/TC_Orange HRM_Excel_Adduser_002" status="PASSED">
         <system-out><![CDATA[27-01-2024T22:31:26 - [TEST_CASE][PASSED] - Test Cases/TC_Orange HRM_Excel_Adduser_002: Test Cases/TC_Orange HRM_Excel_Adduser_002

27-01-2024T22:31:27 - [TEST_STEP][PASSED] - openBrowser(""): Browser is opened with url: ''

27-01-2024T22:31:28 - [MESSAGE][INFO] - Starting 'Chrome' driver

27-01-2024T22:31:29 - [MESSAGE][INFO] - Action delay is set to 0 milliseconds

27-01-2024T22:31:34 - [MESSAGE][PASSED] - Browser is opened with url: ''

27-01-2024T22:31:34 - [TEST_STEP][PASSED] - navigateToUrl("https://opensource-demo.orangehrmlive.com/web/index.php/auth/login"): Navigate to 'https://opensource-demo.orangehrmlive.com/web/index.php/auth/login' successfully

27-01-2024T22:31:43 - [MESSAGE][PASSED] - Navigate to 'https://opensource-demo.orangehrmlive.com/web/index.php/auth/login' successfully

27-01-2024T22:31:43 - [TEST_STEP][PASSED] - setText(findTestObject("Object Repository/002_OR/Page_OrangeHRM/input_username"), "admin"): Text 'admin' is set on object 'Object Repository/002_OR/Page_OrangeHRM/input_username'

27-01-2024T22:31:45 - [MESSAGE][PASSED] - Text 'admin' is set on object 'Object Repository/002_OR/Page_OrangeHRM/input_username'

27-01-2024T22:31:45 - [TEST_STEP][PASSED] - setEncryptedText(findTestObject("Object Repository/002_OR/Page_OrangeHRM/input_password"), "hUKwJTbofgPU9eVlw/CnDQ=="): Text ****** has been set on object 'Object Repository/002_OR/Page_OrangeHRM/input_password'

27-01-2024T22:31:46 - [MESSAGE][PASSED] - Text ****** has been set on object 'Object Repository/002_OR/Page_OrangeHRM/input_password'

27-01-2024T22:31:46 - [TEST_STEP][PASSED] - click(findTestObject("Object Repository/002_OR/Page_OrangeHRM/button_Login")): Object: 'Object Repository/002_OR/Page_OrangeHRM/button_Login' is clicked on

27-01-2024T22:31:48 - [MESSAGE][PASSED] - Object: 'Object Repository/002_OR/Page_OrangeHRM/button_Login' is clicked on

27-01-2024T22:31:48 - [TEST_STEP][PASSED] - setText(findTestObject("Object Repository/002_OR/Page_OrangeHRM/input_oxd-input oxd-input--focus"), search): Text 'admin' is set on object 'Object Repository/002_OR/Page_OrangeHRM/input_oxd-input oxd-input--focus'

27-01-2024T22:31:52 - [MESSAGE][PASSED] - Text 'admin' is set on object 'Object Repository/002_OR/Page_OrangeHRM/input_oxd-input oxd-input--focus'

27-01-2024T22:31:52 - [TEST_STEP][PASSED] - click(findTestObject("Object Repository/002_OR/Page_OrangeHRM/span_Admin")): Object: 'Object Repository/002_OR/Page_OrangeHRM/span_Admin' is clicked on

27-01-2024T22:31:53 - [MESSAGE][PASSED] - Object: 'Object Repository/002_OR/Page_OrangeHRM/span_Admin' is clicked on

27-01-2024T22:31:53 - [TEST_STEP][PASSED] - click(findTestObject("Object Repository/002_OR/Page_OrangeHRM/button_Add")): Object: 'Object Repository/002_OR/Page_OrangeHRM/button_Add' is clicked on

27-01-2024T22:31:56 - [MESSAGE][PASSED] - Object: 'Object Repository/002_OR/Page_OrangeHRM/button_Add' is clicked on

27-01-2024T22:31:56 - [TEST_STEP][PASSED] - click(findTestObject("Object Repository/002_OR/Page_OrangeHRM/div_-- Select --")): Object: 'Object Repository/002_OR/Page_OrangeHRM/div_-- Select --' is clicked on

27-01-2024T22:31:57 - [MESSAGE][PASSED] - Object: 'Object Repository/002_OR/Page_OrangeHRM/div_-- Select --' is clicked on

27-01-2024T22:31:57 - [TEST_STEP][PASSED] - click(findTestObject("Orange HRM_002_OR/Page_OrangeHRM/div_ESS")): Object: 'Object Repository/Orange HRM_002_OR/Page_OrangeHRM/div_ESS' is clicked on

27-01-2024T22:31:58 - [MESSAGE][PASSED] - Object: 'Object Repository/Orange HRM_002_OR/Page_OrangeHRM/div_ESS' is clicked on

27-01-2024T22:31:58 - [TEST_STEP][PASSED] - click(findTestObject("Object Repository/002_OR/Page_OrangeHRM/input")): Object: 'Object Repository/002_OR/Page_OrangeHRM/input' is clicked on

27-01-2024T22:31:58 - [MESSAGE][PASSED] - Object: 'Object Repository/002_OR/Page_OrangeHRM/input' is clicked on

27-01-2024T22:31:58 - [TEST_STEP][PASSED] - click(findTestObject("Object Repository/002_OR/Page_OrangeHRM/div_-- Select --")): Object: 'Object Repository/002_OR/Page_OrangeHRM/div_-- Select --' is clicked on

27-01-2024T22:31:59 - [MESSAGE][PASSED] - Object: 'Object Repository/002_OR/Page_OrangeHRM/div_-- Select --' is clicked on

27-01-2024T22:31:59 - [TEST_STEP][PASSED] - click(findTestObject("Orange HRM_002_OR/Page_OrangeHRM/div_Enabled")): Object: 'Object Repository/Orange HRM_002_OR/Page_OrangeHRM/div_Enabled' is clicked on

27-01-2024T22:32:30 - [MESSAGE][INFO] - Unable to find the element located by 'By.xpath: //div[@id='app']/div/div[2]/div[2]/div/div/form/div/div/div[3]/div/div[2]/div/div[2]/div[2]'. Please recheck the objects properties to make sure the desired element is located. 

27-01-2024T22:32:30 - [MESSAGE][WARNING] - [SELF-HEALING] Failed to find element with id 'Object Repository/Orange HRM_002_OR/Page_OrangeHRM/div_Enabled'. Try using Self-healing.

27-01-2024T22:32:31 - [MESSAGE][WARNING] - [SELF-HEALING] The current locator of test object 'Object Repository/Orange HRM_002_OR/Page_OrangeHRM/div_Enabled' was broken. Propose an alternative one: '//div[2]/div/div[2]/div[2]'.

27-01-2024T22:32:31 - [MESSAGE][PASSED] - Object: 'Object Repository/Orange HRM_002_OR/Page_OrangeHRM/div_Enabled' is clicked on

27-01-2024T22:32:31 - [TEST_STEP][PASSED] - setText(findTestObject("Object Repository/002_OR/Page_OrangeHRM/input_oxd-input oxd-input--focus_1"), username): Text 'saikumar' is set on object 'Object Repository/002_OR/Page_OrangeHRM/input_oxd-input oxd-input--focus_1'

27-01-2024T22:32:32 - [MESSAGE][PASSED] - Text 'saikumar' is set on object 'Object Repository/002_OR/Page_OrangeHRM/input_oxd-input oxd-input--focus_1'

27-01-2024T22:32:32 - [TEST_STEP][PASSED] - delay(3): Delayed 3 second(s)

27-01-2024T22:32:35 - [MESSAGE][PASSED] - Delayed 3 second(s)

27-01-2024T22:32:35 - [TEST_STEP][PASSED] - setText(findTestObject("Orange HRM_002_OR/Page_OrangeHRM/input_Password_oxd-input oxd-input--active"), password): Text 'saikumar123' is set on object 'Object Repository/Orange HRM_002_OR/Page_OrangeHRM/input_Password_oxd-input oxd-input--active'

27-01-2024T22:32:36 - [MESSAGE][PASSED] - Text 'saikumar123' is set on object 'Object Repository/Orange HRM_002_OR/Page_OrangeHRM/input_Password_oxd-input oxd-input--active'

27-01-2024T22:32:36 - [TEST_STEP][PASSED] - delay(3): Delayed 3 second(s)

27-01-2024T22:32:39 - [MESSAGE][PASSED] - Delayed 3 second(s)

27-01-2024T22:32:39 - [TEST_STEP][PASSED] - setText(findTestObject("Orange HRM_002_OR/Page_OrangeHRM/input_Confirm Password_oxd-input oxd-input--active"), confirm_password): Text 'saikumar123' is set on object 'Object Repository/Orange HRM_002_OR/Page_OrangeHRM/input_Confirm Password_oxd-input oxd-input--active'

27-01-2024T22:32:40 - [MESSAGE][PASSED] - Text 'saikumar123' is set on object 'Object Repository/Orange HRM_002_OR/Page_OrangeHRM/input_Confirm Password_oxd-input oxd-input--active'

27-01-2024T22:32:40 - [TEST_STEP][PASSED] - click(findTestObject("Orange HRM_002_OR/Page_OrangeHRM/button_Save")): Object: 'Object Repository/Orange HRM_002_OR/Page_OrangeHRM/button_Save' is clicked on

27-01-2024T22:32:40 - [MESSAGE][PASSED] - Object: 'Object Repository/Orange HRM_002_OR/Page_OrangeHRM/button_Save' is clicked on

27-01-2024T22:32:40 - [TEST_STEP][PASSED] - closeBrowser(): Browser is closed

27-01-2024T22:32:41 - [MESSAGE][PASSED] - Browser is closed]]></system-out>
         <system-err><![CDATA[]]></system-err>
      </testcase>
      <system-out><![CDATA[27-01-2024T22:31:25 - [TEST_SUITE][PASSED] - DDT_Orange HRM_adduser_002: Test Cases/TC_Orange HRM_Excel_Adduser_002]]></system-out>
      <system-err><![CDATA[]]></system-err>
   </testsuite>
</testsuites>
