<?xml version="1.0" encoding="UTF-8"?>
<testsuites name="Orange HRM_All_001" time="252.786" tests="5" failures="0" errors="0">
   <testsuite name="Orange HRM_All_001" tests="5" failures="0" errors="0" time="239.212" skipped="0" timestamp="27-01-2024T21:18:06" hostname="Dinesh - DESKTOP-M471DVV" id="Test Suites/Orangr HRM_Testsuite_001/Orange HRM_All_001">
      <properties>
         <property name="deviceName" value=""/>
         <property name="devicePlatform" value=""/>
         <property name="logFolder" value="C:\\Users\\Dinesh\\git\\KatalonGit_Integration\\Reports\\20240127_211750\\Orangr HRM_Testsuite_001\\Orange HRM_All_001\\20240127_211752"/>
         <property name="logFiles" value="C:\\Users\\Dinesh\\git\\KatalonGit_Integration\\Reports\\20240127_211750\\Orangr HRM_Testsuite_001\\Orange HRM_All_001\\20240127_211752\\execution0.log"/>
         <property name="attachments" value=""/>
         <property name="hostName" value="Dinesh - DESKTOP-M471DVV"/>
         <property name="os" value="Windows 10 64bit"/>
         <property name="katalonVersion" value="9.1.0.212"/>
         <property name="browser" value="Chrome 120.0.0.0"/>
         <property name="hostAddress" value="192.168.1.20"/>
         <property name="sessionId" value="3254f3b861e5b5219b14d77536fce63e"/>
         <property name="seleniumVersion" value="3.141.59"/>
         <property name="proxyInformation" value="ProxyInformation { proxyOption=NO_PROXY, proxyServerType=HTTP, username=, password=********, proxyServerAddress=, proxyServerPort=0, executionList=&quot;&quot;, isApplyToDesiredCapabilities=true }"/>
         <property name="platform" value="Windows 10"/>
      </properties>
      <testcase name="Test Cases/TC_Orange HRM_login_001" time="32.851" classname="Test Cases/TC_Orange HRM_login_001" status="PASSED">
         <system-out><![CDATA[27-01-2024T21:18:06 - [TEST_CASE][PASSED] - Test Cases/TC_Orange HRM_login_001: Test Cases/TC_Orange HRM_login_001

27-01-2024T21:18:07 - [TEST_STEP][PASSED] - openBrowser(""): Browser is opened with url: ''

27-01-2024T21:18:08 - [MESSAGE][INFO] - Starting 'Chrome' driver

27-01-2024T21:18:08 - [MESSAGE][INFO] - Action delay is set to 0 milliseconds

27-01-2024T21:18:13 - [MESSAGE][PASSED] - Browser is opened with url: ''

27-01-2024T21:18:13 - [TEST_STEP][PASSED] - navigateToUrl("https://opensource-demo.orangehrmlive.com/web/index.php/auth/login"): Navigate to 'https://opensource-demo.orangehrmlive.com/web/index.php/auth/login' successfully

27-01-2024T21:18:32 - [MESSAGE][PASSED] - Navigate to 'https://opensource-demo.orangehrmlive.com/web/index.php/auth/login' successfully

27-01-2024T21:18:32 - [TEST_STEP][PASSED] - setText(findTestObject("Object Repository/Orange HRM_001_OR/Page_OrangeHRM/input_username"), "admin"): Text 'admin' is set on object 'Object Repository/Orange HRM_001_OR/Page_OrangeHRM/input_username'

27-01-2024T21:18:35 - [MESSAGE][PASSED] - Text 'admin' is set on object 'Object Repository/Orange HRM_001_OR/Page_OrangeHRM/input_username'

27-01-2024T21:18:35 - [TEST_STEP][PASSED] - setEncryptedText(findTestObject("Object Repository/Orange HRM_001_OR/Page_OrangeHRM/input_password"), "hUKwJTbofgPU9eVlw/CnDQ=="): Text ****** has been set on object 'Object Repository/Orange HRM_001_OR/Page_OrangeHRM/input_password'

27-01-2024T21:18:36 - [MESSAGE][PASSED] - Text ****** has been set on object 'Object Repository/Orange HRM_001_OR/Page_OrangeHRM/input_password'

27-01-2024T21:18:36 - [TEST_STEP][PASSED] - click(findTestObject("Object Repository/Orange HRM_001_OR/Page_OrangeHRM/button_Login")): Object: 'Object Repository/Orange HRM_001_OR/Page_OrangeHRM/button_Login' is clicked on

27-01-2024T21:18:38 - [MESSAGE][PASSED] - Object: 'Object Repository/Orange HRM_001_OR/Page_OrangeHRM/button_Login' is clicked on

27-01-2024T21:18:38 - [TEST_STEP][PASSED] - closeBrowser(): Browser is closed

27-01-2024T21:18:39 - [MESSAGE][PASSED] - Browser is closed]]></system-out>
         <system-err><![CDATA[]]></system-err>
      </testcase>
      <testcase name="Test Cases/TC_Orange HRM_Add_002" time="82.549" classname="Test Cases/TC_Orange HRM_Add_002" status="PASSED">
         <system-out><![CDATA[27-01-2024T21:18:39 - [TEST_CASE][PASSED] - Test Cases/TC_Orange HRM_Add_002: Test Cases/TC_Orange HRM_Add_002

27-01-2024T21:18:40 - [TEST_STEP][PASSED] - openBrowser(""): Browser is opened with url: ''

27-01-2024T21:18:40 - [MESSAGE][INFO] - Starting 'Chrome' driver

27-01-2024T21:18:40 - [MESSAGE][INFO] - Action delay is set to 0 milliseconds

27-01-2024T21:18:42 - [MESSAGE][PASSED] - Browser is opened with url: ''

27-01-2024T21:18:42 - [TEST_STEP][PASSED] - navigateToUrl("https://opensource-demo.orangehrmlive.com/web/index.php/auth/login"): Navigate to 'https://opensource-demo.orangehrmlive.com/web/index.php/auth/login' successfully

27-01-2024T21:19:06 - [MESSAGE][PASSED] - Navigate to 'https://opensource-demo.orangehrmlive.com/web/index.php/auth/login' successfully

27-01-2024T21:19:06 - [TEST_STEP][PASSED] - setText(findTestObject("Object Repository/002_OR/Page_OrangeHRM/input_username"), "admin"): Text 'admin' is set on object 'Object Repository/002_OR/Page_OrangeHRM/input_username'

27-01-2024T21:19:08 - [MESSAGE][PASSED] - Text 'admin' is set on object 'Object Repository/002_OR/Page_OrangeHRM/input_username'

27-01-2024T21:19:08 - [TEST_STEP][PASSED] - setEncryptedText(findTestObject("Object Repository/002_OR/Page_OrangeHRM/input_password"), "hUKwJTbofgPU9eVlw/CnDQ=="): Text ****** has been set on object 'Object Repository/002_OR/Page_OrangeHRM/input_password'

27-01-2024T21:19:09 - [MESSAGE][PASSED] - Text ****** has been set on object 'Object Repository/002_OR/Page_OrangeHRM/input_password'

27-01-2024T21:19:09 - [TEST_STEP][PASSED] - click(findTestObject("Object Repository/002_OR/Page_OrangeHRM/button_Login")): Object: 'Object Repository/002_OR/Page_OrangeHRM/button_Login' is clicked on

27-01-2024T21:19:11 - [MESSAGE][PASSED] - Object: 'Object Repository/002_OR/Page_OrangeHRM/button_Login' is clicked on

27-01-2024T21:19:11 - [TEST_STEP][PASSED] - setText(findTestObject("Object Repository/002_OR/Page_OrangeHRM/input_oxd-input oxd-input--focus"), "admin"): Text 'admin' is set on object 'Object Repository/002_OR/Page_OrangeHRM/input_oxd-input oxd-input--focus'

27-01-2024T21:19:14 - [MESSAGE][PASSED] - Text 'admin' is set on object 'Object Repository/002_OR/Page_OrangeHRM/input_oxd-input oxd-input--focus'

27-01-2024T21:19:14 - [TEST_STEP][PASSED] - click(findTestObject("Object Repository/002_OR/Page_OrangeHRM/span_Admin")): Object: 'Object Repository/002_OR/Page_OrangeHRM/span_Admin' is clicked on

27-01-2024T21:19:16 - [MESSAGE][PASSED] - Object: 'Object Repository/002_OR/Page_OrangeHRM/span_Admin' is clicked on

27-01-2024T21:19:16 - [TEST_STEP][PASSED] - click(findTestObject("Object Repository/002_OR/Page_OrangeHRM/button_Add")): Object: 'Object Repository/002_OR/Page_OrangeHRM/button_Add' is clicked on

27-01-2024T21:19:17 - [MESSAGE][PASSED] - Object: 'Object Repository/002_OR/Page_OrangeHRM/button_Add' is clicked on

27-01-2024T21:19:17 - [TEST_STEP][PASSED] - click(findTestObject("Object Repository/002_OR/Page_OrangeHRM/div_-- Select --")): Object: 'Object Repository/002_OR/Page_OrangeHRM/div_-- Select --' is clicked on

27-01-2024T21:19:19 - [MESSAGE][PASSED] - Object: 'Object Repository/002_OR/Page_OrangeHRM/div_-- Select --' is clicked on

27-01-2024T21:19:19 - [TEST_STEP][PASSED] - click(findTestObject("Orange HRM_002_OR/Page_OrangeHRM/div_ESS")): Object: 'Object Repository/Orange HRM_002_OR/Page_OrangeHRM/div_ESS' is clicked on

27-01-2024T21:19:19 - [MESSAGE][PASSED] - Object: 'Object Repository/Orange HRM_002_OR/Page_OrangeHRM/div_ESS' is clicked on

27-01-2024T21:19:19 - [TEST_STEP][PASSED] - click(findTestObject("Object Repository/002_OR/Page_OrangeHRM/input")): Object: 'Object Repository/002_OR/Page_OrangeHRM/input' is clicked on

27-01-2024T21:19:20 - [MESSAGE][PASSED] - Object: 'Object Repository/002_OR/Page_OrangeHRM/input' is clicked on

27-01-2024T21:19:20 - [TEST_STEP][PASSED] - click(findTestObject("Object Repository/002_OR/Page_OrangeHRM/div_-- Select --")): Object: 'Object Repository/002_OR/Page_OrangeHRM/div_-- Select --' is clicked on

27-01-2024T21:19:20 - [MESSAGE][PASSED] - Object: 'Object Repository/002_OR/Page_OrangeHRM/div_-- Select --' is clicked on

27-01-2024T21:19:20 - [TEST_STEP][PASSED] - click(findTestObject("Orange HRM_002_OR/Page_OrangeHRM/div_Enabled")): Object: 'Object Repository/Orange HRM_002_OR/Page_OrangeHRM/div_Enabled' is clicked on

27-01-2024T21:19:51 - [MESSAGE][INFO] - Unable to find the element located by 'By.xpath: //div[@id='app']/div/div[2]/div[2]/div/div/form/div/div/div[3]/div/div[2]/div/div[2]/div[2]'. Please recheck the objects properties to make sure the desired element is located. 

27-01-2024T21:19:51 - [MESSAGE][WARNING] - [SELF-HEALING] Failed to find element with id 'Object Repository/Orange HRM_002_OR/Page_OrangeHRM/div_Enabled'. Try using Self-healing.

27-01-2024T21:19:52 - [MESSAGE][WARNING] - [SELF-HEALING] The current locator of test object 'Object Repository/Orange HRM_002_OR/Page_OrangeHRM/div_Enabled' was broken. Propose an alternative one: '//div[2]/div/div[2]/div[2]'.

27-01-2024T21:19:52 - [MESSAGE][PASSED] - Object: 'Object Repository/Orange HRM_002_OR/Page_OrangeHRM/div_Enabled' is clicked on

27-01-2024T21:19:52 - [TEST_STEP][PASSED] - setText(findTestObject("Object Repository/002_OR/Page_OrangeHRM/input_oxd-input oxd-input--focus_1"), "dinesh000"): Text 'dinesh000' is set on object 'Object Repository/002_OR/Page_OrangeHRM/input_oxd-input oxd-input--focus_1'

27-01-2024T21:19:53 - [MESSAGE][PASSED] - Text 'dinesh000' is set on object 'Object Repository/002_OR/Page_OrangeHRM/input_oxd-input oxd-input--focus_1'

27-01-2024T21:19:53 - [TEST_STEP][PASSED] - delay(3): Delayed 3 second(s)

27-01-2024T21:19:56 - [MESSAGE][PASSED] - Delayed 3 second(s)

27-01-2024T21:19:56 - [TEST_STEP][PASSED] - setText(findTestObject("Orange HRM_002_OR/Page_OrangeHRM/input_Password_oxd-input oxd-input--active"), "dinesh123"): Text 'dinesh123' is set on object 'Object Repository/Orange HRM_002_OR/Page_OrangeHRM/input_Password_oxd-input oxd-input--active'

27-01-2024T21:19:58 - [MESSAGE][PASSED] - Text 'dinesh123' is set on object 'Object Repository/Orange HRM_002_OR/Page_OrangeHRM/input_Password_oxd-input oxd-input--active'

27-01-2024T21:19:58 - [TEST_STEP][PASSED] - delay(3): Delayed 3 second(s)

27-01-2024T21:20:01 - [MESSAGE][PASSED] - Delayed 3 second(s)

27-01-2024T21:20:01 - [TEST_STEP][PASSED] - setText(findTestObject("Orange HRM_002_OR/Page_OrangeHRM/input_Confirm Password_oxd-input oxd-input--active"), "dinesh123"): Text 'dinesh123' is set on object 'Object Repository/Orange HRM_002_OR/Page_OrangeHRM/input_Confirm Password_oxd-input oxd-input--active'

27-01-2024T21:20:02 - [MESSAGE][PASSED] - Text 'dinesh123' is set on object 'Object Repository/Orange HRM_002_OR/Page_OrangeHRM/input_Confirm Password_oxd-input oxd-input--active']]></system-out>
         <system-err><![CDATA[]]></system-err>
      </testcase>
      <testcase name="Test Cases/TC_Orange HRM_time_003" time="45.757" classname="Test Cases/TC_Orange HRM_time_003" status="PASSED">
         <system-out><![CDATA[27-01-2024T21:20:02 - [TEST_CASE][PASSED] - Test Cases/TC_Orange HRM_time_003: Test Cases/TC_Orange HRM_time_003

27-01-2024T21:20:03 - [TEST_STEP][PASSED] - openBrowser(""): Browser is opened with url: ''

27-01-2024T21:20:03 - [MESSAGE][WARNING] - A browser is already opened. Closing browser and opening a new one

27-01-2024T21:20:04 - [MESSAGE][INFO] - Starting 'Chrome' driver

27-01-2024T21:20:04 - [MESSAGE][INFO] - Action delay is set to 0 milliseconds

27-01-2024T21:20:06 - [MESSAGE][PASSED] - Browser is opened with url: ''

27-01-2024T21:20:06 - [TEST_STEP][PASSED] - navigateToUrl("https://opensource-demo.orangehrmlive.com/web/index.php/auth/login"): Navigate to 'https://opensource-demo.orangehrmlive.com/web/index.php/auth/login' successfully

27-01-2024T21:20:33 - [MESSAGE][PASSED] - Navigate to 'https://opensource-demo.orangehrmlive.com/web/index.php/auth/login' successfully

27-01-2024T21:20:33 - [TEST_STEP][PASSED] - setText(findTestObject("Orange HRM_002_OR/Page_OrangeHRM/input_Username_username"), "admin"): Text 'admin' is set on object 'Object Repository/Orange HRM_002_OR/Page_OrangeHRM/input_Username_username'

27-01-2024T21:20:36 - [MESSAGE][PASSED] - Text 'admin' is set on object 'Object Repository/Orange HRM_002_OR/Page_OrangeHRM/input_Username_username'

27-01-2024T21:20:36 - [TEST_STEP][PASSED] - setText(findTestObject("Orange HRM_002_OR/Page_OrangeHRM/input_Password_password"), "admin123"): Text 'admin123' is set on object 'Object Repository/Orange HRM_002_OR/Page_OrangeHRM/input_Password_password'

27-01-2024T21:20:37 - [MESSAGE][PASSED] - Text 'admin123' is set on object 'Object Repository/Orange HRM_002_OR/Page_OrangeHRM/input_Password_password'

27-01-2024T21:20:37 - [TEST_STEP][PASSED] - click(findTestObject("002_OR/Page_OrangeHRM/button_Login")): Object: 'Object Repository/002_OR/Page_OrangeHRM/button_Login' is clicked on

27-01-2024T21:20:39 - [MESSAGE][PASSED] - Object: 'Object Repository/002_OR/Page_OrangeHRM/button_Login' is clicked on

27-01-2024T21:20:39 - [TEST_STEP][PASSED] - click(findTestObject("Orange HRM_003_OR/Page_OrangeHRM/a_Time")): Object: 'Object Repository/Orange HRM_003_OR/Page_OrangeHRM/a_Time' is clicked on

27-01-2024T21:20:42 - [MESSAGE][PASSED] - Object: 'Object Repository/Orange HRM_003_OR/Page_OrangeHRM/a_Time' is clicked on

27-01-2024T21:20:42 - [TEST_STEP][PASSED] - click(findTestObject("Orange HRM_003_OR/Page_OrangeHRM/div_Charlie  Carter2022-07-25 - 2022-07-31 View")): Object: 'Object Repository/Orange HRM_003_OR/Page_OrangeHRM/div_Charlie  Carter2022-07-25 - 2022-07-31 View' is clicked on

27-01-2024T21:20:44 - [MESSAGE][PASSED] - Object: 'Object Repository/Orange HRM_003_OR/Page_OrangeHRM/div_Charlie  Carter2022-07-25 - 2022-07-31 View' is clicked on

27-01-2024T21:20:44 - [TEST_STEP][PASSED] - click(findTestObject("Orange HRM_003_OR/Page_OrangeHRM/button_View")): Object: 'Object Repository/Orange HRM_003_OR/Page_OrangeHRM/button_View' is clicked on

27-01-2024T21:20:45 - [MESSAGE][PASSED] - Object: 'Object Repository/Orange HRM_003_OR/Page_OrangeHRM/button_View' is clicked on

27-01-2024T21:20:45 - [TEST_STEP][PASSED] - status = getText(findTestObject("Orange HRM_003_OR/Page_OrangeHRM/p_Status Submitted")): Text of object 'Object Repository/Orange HRM_003_OR/Page_OrangeHRM/p_Status Submitted' is: ''

27-01-2024T21:20:47 - [MESSAGE][PASSED] - Text of object 'Object Repository/Orange HRM_003_OR/Page_OrangeHRM/p_Status Submitted' is: ''

27-01-2024T21:20:47 - [TEST_STEP][PASSED] - out.println(status): null

27-01-2024T21:20:47 - [TEST_STEP][PASSED] - closeBrowser(): Browser is closed

27-01-2024T21:20:48 - [MESSAGE][PASSED] - Browser is closed]]></system-out>
         <system-err><![CDATA[]]></system-err>
      </testcase>
      <testcase name="Test Cases/TC_Orange HRM_myinfo_004" time="43.425" classname="Test Cases/TC_Orange HRM_myinfo_004" status="PASSED">
         <system-out><![CDATA[27-01-2024T21:20:48 - [TEST_CASE][PASSED] - Test Cases/TC_Orange HRM_myinfo_004: Test Cases/TC_Orange HRM_myinfo_004

27-01-2024T21:20:48 - [TEST_STEP][PASSED] - openBrowser(""): Browser is opened with url: ''

27-01-2024T21:20:48 - [MESSAGE][INFO] - Starting 'Chrome' driver

27-01-2024T21:20:48 - [MESSAGE][INFO] - Action delay is set to 0 milliseconds

27-01-2024T21:20:50 - [MESSAGE][PASSED] - Browser is opened with url: ''

27-01-2024T21:20:50 - [TEST_STEP][PASSED] - navigateToUrl("https://opensource-demo.orangehrmlive.com/web/index.php/auth/login"): Navigate to 'https://opensource-demo.orangehrmlive.com/web/index.php/auth/login' successfully

27-01-2024T21:21:12 - [MESSAGE][PASSED] - Navigate to 'https://opensource-demo.orangehrmlive.com/web/index.php/auth/login' successfully

27-01-2024T21:21:12 - [TEST_STEP][PASSED] - setText(findTestObject("Object Repository/Orange HRM_004_OR/Page_OrangeHRM/input_username"), "Admin"): Text 'Admin' is set on object 'Object Repository/Orange HRM_004_OR/Page_OrangeHRM/input_username'

27-01-2024T21:21:15 - [MESSAGE][PASSED] - Text 'Admin' is set on object 'Object Repository/Orange HRM_004_OR/Page_OrangeHRM/input_username'

27-01-2024T21:21:15 - [TEST_STEP][PASSED] - setEncryptedText(findTestObject("Object Repository/Orange HRM_004_OR/Page_OrangeHRM/input_password"), "hUKwJTbofgPU9eVlw/CnDQ=="): Text ****** has been set on object 'Object Repository/Orange HRM_004_OR/Page_OrangeHRM/input_password'

27-01-2024T21:21:16 - [MESSAGE][PASSED] - Text ****** has been set on object 'Object Repository/Orange HRM_004_OR/Page_OrangeHRM/input_password'

27-01-2024T21:21:16 - [TEST_STEP][PASSED] - click(findTestObject("Object Repository/Orange HRM_004_OR/Page_OrangeHRM/button_Login")): Object: 'Object Repository/Orange HRM_004_OR/Page_OrangeHRM/button_Login' is clicked on

27-01-2024T21:21:18 - [MESSAGE][PASSED] - Object: 'Object Repository/Orange HRM_004_OR/Page_OrangeHRM/button_Login' is clicked on

27-01-2024T21:21:18 - [TEST_STEP][PASSED] - click(findTestObject("Object Repository/Orange HRM_004_OR/Page_OrangeHRM/span_My Info")): Object: 'Object Repository/Orange HRM_004_OR/Page_OrangeHRM/span_My Info' is clicked on

27-01-2024T21:21:21 - [MESSAGE][PASSED] - Object: 'Object Repository/Orange HRM_004_OR/Page_OrangeHRM/span_My Info' is clicked on

27-01-2024T21:21:21 - [TEST_STEP][PASSED] - setText(findTestObject("Orange HRM_004_OR/Page_OrangeHRM/input_firstName"), "qwerty"): Text 'qwerty' is set on object 'Object Repository/Orange HRM_004_OR/Page_OrangeHRM/input_firstName'

27-01-2024T21:21:24 - [MESSAGE][PASSED] - Text 'qwerty' is set on object 'Object Repository/Orange HRM_004_OR/Page_OrangeHRM/input_firstName'

27-01-2024T21:21:24 - [TEST_STEP][PASSED] - setText(findTestObject("Object Repository/Orange HRM_004_OR/Page_OrangeHRM/input_lastName"), "sdfgdfgh"): Text 'sdfgdfgh' is set on object 'Object Repository/Orange HRM_004_OR/Page_OrangeHRM/input_lastName'

27-01-2024T21:21:26 - [MESSAGE][PASSED] - Text 'sdfgdfgh' is set on object 'Object Repository/Orange HRM_004_OR/Page_OrangeHRM/input_lastName'

27-01-2024T21:21:26 - [TEST_STEP][PASSED] - setText(findTestObject("Object Repository/Orange HRM_004_OR/Page_OrangeHRM/input_oxd-input oxd-input--focus"), "12345"): Text '12345' is set on object 'Object Repository/Orange HRM_004_OR/Page_OrangeHRM/input_oxd-input oxd-input--focus'

27-01-2024T21:21:27 - [MESSAGE][PASSED] - Text '12345' is set on object 'Object Repository/Orange HRM_004_OR/Page_OrangeHRM/input_oxd-input oxd-input--focus'

27-01-2024T21:21:27 - [TEST_STEP][PASSED] - click(findTestObject("Object Repository/Orange HRM_004_OR/Page_OrangeHRM/span_oxd-radio-input oxd-radio-input--activ_00d6a5")): Object: 'Object Repository/Orange HRM_004_OR/Page_OrangeHRM/span_oxd-radio-input oxd-radio-input--activ_00d6a5' is clicked on

27-01-2024T21:21:27 - [MESSAGE][PASSED] - Object: 'Object Repository/Orange HRM_004_OR/Page_OrangeHRM/span_oxd-radio-input oxd-radio-input--activ_00d6a5' is clicked on

27-01-2024T21:21:27 - [TEST_STEP][PASSED] - click(findTestObject("Object Repository/Orange HRM_004_OR/Page_OrangeHRM/div_-- Select --")): Object: 'Object Repository/Orange HRM_004_OR/Page_OrangeHRM/div_-- Select --' is clicked on

27-01-2024T21:21:28 - [MESSAGE][PASSED] - Object: 'Object Repository/Orange HRM_004_OR/Page_OrangeHRM/div_-- Select --' is clicked on

27-01-2024T21:21:28 - [TEST_STEP][PASSED] - click(findTestObject("Object Repository/Orange HRM_004_OR/Page_OrangeHRM/div_Single")): Object: 'Object Repository/Orange HRM_004_OR/Page_OrangeHRM/div_Single' is clicked on

27-01-2024T21:21:28 - [MESSAGE][PASSED] - Object: 'Object Repository/Orange HRM_004_OR/Page_OrangeHRM/div_Single' is clicked on

27-01-2024T21:21:28 - [TEST_STEP][PASSED] - click(findTestObject("Object Repository/Orange HRM_004_OR/Page_OrangeHRM/i_oxd-icon bi-caret-up-fill oxd-select-text--arrow")): Object: 'Object Repository/Orange HRM_004_OR/Page_OrangeHRM/i_oxd-icon bi-caret-up-fill oxd-select-text--arrow' is clicked on

27-01-2024T21:21:29 - [MESSAGE][PASSED] - Object: 'Object Repository/Orange HRM_004_OR/Page_OrangeHRM/i_oxd-icon bi-caret-up-fill oxd-select-text--arrow' is clicked on

27-01-2024T21:21:29 - [TEST_STEP][PASSED] - click(findTestObject("Object Repository/Orange HRM_004_OR/Page_OrangeHRM/div_Indian")): Object: 'Object Repository/Orange HRM_004_OR/Page_OrangeHRM/div_Indian' is clicked on

27-01-2024T21:21:30 - [MESSAGE][PASSED] - Object: 'Object Repository/Orange HRM_004_OR/Page_OrangeHRM/div_Indian' is clicked on

27-01-2024T21:21:30 - [TEST_STEP][PASSED] - click(findTestObject("Object Repository/Orange HRM_004_OR/Page_OrangeHRM/button_Save")): Object: 'Object Repository/Orange HRM_004_OR/Page_OrangeHRM/button_Save' is clicked on

27-01-2024T21:21:30 - [MESSAGE][PASSED] - Object: 'Object Repository/Orange HRM_004_OR/Page_OrangeHRM/button_Save' is clicked on

27-01-2024T21:21:30 - [TEST_STEP][PASSED] - closeBrowser(): Browser is closed

27-01-2024T21:21:31 - [MESSAGE][PASSED] - Browser is closed]]></system-out>
         <system-err><![CDATA[]]></system-err>
      </testcase>
      <testcase name="Test Cases/TC_Orange HRM_Logout_005" time="33.979" classname="Test Cases/TC_Orange HRM_Logout_005" status="PASSED">
         <system-out><![CDATA[27-01-2024T21:21:31 - [TEST_CASE][PASSED] - Test Cases/TC_Orange HRM_Logout_005: Test Cases/TC_Orange HRM_Logout_005

27-01-2024T21:21:31 - [TEST_STEP][PASSED] - openBrowser(""): Browser is opened with url: ''

27-01-2024T21:21:31 - [MESSAGE][INFO] - Starting 'Chrome' driver

27-01-2024T21:21:31 - [MESSAGE][INFO] - Action delay is set to 0 milliseconds

27-01-2024T21:21:34 - [MESSAGE][PASSED] - Browser is opened with url: ''

27-01-2024T21:21:34 - [TEST_STEP][PASSED] - navigateToUrl("https://opensource-demo.orangehrmlive.com/web/index.php/auth/login"): Navigate to 'https://opensource-demo.orangehrmlive.com/web/index.php/auth/login' successfully

27-01-2024T21:21:54 - [MESSAGE][PASSED] - Navigate to 'https://opensource-demo.orangehrmlive.com/web/index.php/auth/login' successfully

27-01-2024T21:21:54 - [TEST_STEP][PASSED] - setText(findTestObject("Object Repository/Orangr HRM_005_OR/Page_OrangeHRM/input_username"), "Admin"): Text 'Admin' is set on object 'Object Repository/Orangr HRM_005_OR/Page_OrangeHRM/input_username'

27-01-2024T21:21:57 - [MESSAGE][PASSED] - Text 'Admin' is set on object 'Object Repository/Orangr HRM_005_OR/Page_OrangeHRM/input_username'

27-01-2024T21:21:57 - [TEST_STEP][PASSED] - setEncryptedText(findTestObject("Object Repository/Orangr HRM_005_OR/Page_OrangeHRM/input_password"), "hUKwJTbofgPU9eVlw/CnDQ=="): Text ****** has been set on object 'Object Repository/Orangr HRM_005_OR/Page_OrangeHRM/input_password'

27-01-2024T21:21:58 - [MESSAGE][PASSED] - Text ****** has been set on object 'Object Repository/Orangr HRM_005_OR/Page_OrangeHRM/input_password'

27-01-2024T21:21:58 - [TEST_STEP][PASSED] - click(findTestObject("Object Repository/Orangr HRM_005_OR/Page_OrangeHRM/button_Login")): Object: 'Object Repository/Orangr HRM_005_OR/Page_OrangeHRM/button_Login' is clicked on

27-01-2024T21:22:00 - [MESSAGE][PASSED] - Object: 'Object Repository/Orangr HRM_005_OR/Page_OrangeHRM/button_Login' is clicked on

27-01-2024T21:22:00 - [TEST_STEP][PASSED] - click(findTestObject("Object Repository/Orangr HRM_005_OR/Page_OrangeHRM/img_oxd-userdropdown-img")): Object: 'Object Repository/Orangr HRM_005_OR/Page_OrangeHRM/img_oxd-userdropdown-img' is clicked on

27-01-2024T21:22:03 - [MESSAGE][PASSED] - Object: 'Object Repository/Orangr HRM_005_OR/Page_OrangeHRM/img_oxd-userdropdown-img' is clicked on

27-01-2024T21:22:03 - [TEST_STEP][PASSED] - click(findTestObject("Object Repository/Orangr HRM_005_OR/Page_OrangeHRM/a_Logout")): Object: 'Object Repository/Orangr HRM_005_OR/Page_OrangeHRM/a_Logout' is clicked on

27-01-2024T21:22:04 - [MESSAGE][PASSED] - Object: 'Object Repository/Orangr HRM_005_OR/Page_OrangeHRM/a_Logout' is clicked on

27-01-2024T21:22:04 - [TEST_STEP][PASSED] - closeBrowser(): Browser is closed

27-01-2024T21:22:05 - [MESSAGE][PASSED] - Browser is closed]]></system-out>
         <system-err><![CDATA[]]></system-err>
      </testcase>
      <system-out><![CDATA[27-01-2024T21:18:06 - [TEST_SUITE][PASSED] - Orange HRM_All_001: Test Cases/TC_Orange HRM_Logout_005]]></system-out>
      <system-err><![CDATA[]]></system-err>
   </testsuite>
</testsuites>
